
*** Running vivado
    with args -log vio_0.vds -m64 -product Vivado -mode batch -messageDb vivado.pb -notrace -source vio_0.tcl



****** Vivado v2021.2 (64-bit)
  **** SW Build 3367213 on Tue Oct 19 02:48:09 MDT 2021
  **** IP Build 3369179 on Thu Oct 21 08:25:16 MDT 2021
    ** Copyright 1986-2021 Xilinx, Inc. All Rights Reserved.

source vio_0.tcl -notrace
INFO: [IP_Flow 19-234] Refreshing IP repositories
INFO: [IP_Flow 19-1700] Loaded user IP repository 'e:/project_fpga/custom_ip'.
INFO: [IP_Flow 19-2313] Loaded Vivado IP repository 'D:/xilinx/Vivado/2021.2/data/ip'.
Command: synth_design -top vio_0 -part xczu7ev-ffvc1156-2-e -mode out_of_context
Starting synth_design
Attempting to get a license for feature 'Synthesis' and/or device 'xczu7ev'
INFO: [Common 17-349] Got license for feature 'Synthesis' and/or device 'xczu7ev'
INFO: [Device 21-403] Loading part xczu7ev-ffvc1156-2-e
INFO: [Synth 8-7079] Multithreading enabled for synth_design using a maximum of 2 processes.
INFO: [Synth 8-7078] Launching helper process for spawning children vivado processes
INFO: [Synth 8-7075] Helper process launched with PID 19628
---------------------------------------------------------------------------------
Starting RTL Elaboration : Time (s): cpu = 00:00:01 ; elapsed = 00:00:04 . Memory (MB): peak = 1972.020 ; gain = 258.250
---------------------------------------------------------------------------------
INFO: [Synth 8-6157] synthesizing module 'vio_0' [e:/project_fpga/ddr_write_read/ddr_write_read.gen/sources_1/ip/vio_0/synth/vio_0.v:59]
WARNING: [Synth 8-3848] Net sl_iport0 in module/entity vio_0 does not have driver. [e:/project_fpga/ddr_write_read/ddr_write_read.gen/sources_1/ip/vio_0/synth/vio_0.v:71]
INFO: [Synth 8-6155] done synthesizing module 'vio_0' (6#1) [e:/project_fpga/ddr_write_read/ddr_write_read.gen/sources_1/ip/vio_0/synth/vio_0.v:59]
WARNING: [Synth 8-7129] Port Bus_rst in module vio_v3_0_22_probe_out_one is either unconnected or has no load
WARNING: [Synth 8-7129] Port Read in module vio_v3_0_22_probe_out_one is either unconnected or has no load
WARNING: [Synth 8-7129] Port Bus_Data_in[15] in module vio_v3_0_22_probe_out_one is either unconnected or has no load
WARNING: [Synth 8-7129] Port Bus_Data_in[14] in module vio_v3_0_22_probe_out_one is either unconnected or has no load
WARNING: [Synth 8-7129] Port Bus_Data_in[13] in module vio_v3_0_22_probe_out_one is either unconnected or has no load
WARNING: [Synth 8-7129] Port Bus_Data_in[12] in module vio_v3_0_22_probe_out_one is either unconnected or has no load
WARNING: [Synth 8-7129] Port Bus_Data_in[11] in module vio_v3_0_22_probe_out_one is either unconnected or has no load
WARNING: [Synth 8-7129] Port Bus_Data_in[10] in module vio_v3_0_22_probe_out_one is either unconnected or has no load
WARNING: [Synth 8-7129] Port Bus_Data_in[9] in module vio_v3_0_22_probe_out_one is either unconnected or has no load
WARNING: [Synth 8-7129] Port Bus_Data_in[8] in module vio_v3_0_22_probe_out_one is either unconnected or has no load
WARNING: [Synth 8-7129] Port Bus_Data_in[7] in module vio_v3_0_22_probe_out_one is either unconnected or has no load
WARNING: [Synth 8-7129] Port Bus_Data_in[6] in module vio_v3_0_22_probe_out_one is either unconnected or has no load
WARNING: [Synth 8-7129] Port Bus_Data_in[5] in module vio_v3_0_22_probe_out_one is either unconnected or has no load
WARNING: [Synth 8-7129] Port Bus_Data_in[4] in module vio_v3_0_22_probe_out_one is either unconnected or has no load
WARNING: [Synth 8-7129] Port Bus_Data_in[3] in module vio_v3_0_22_probe_out_one is either unconnected or has no load
WARNING: [Synth 8-7129] Port Bus_Data_in[2] in module vio_v3_0_22_probe_out_one is either unconnected or has no load
WARNING: [Synth 8-7129] Port Bus_Data_in[1] in module vio_v3_0_22_probe_out_one is either unconnected or has no load
WARNING: [Synth 8-7129] Port Internal_cnt_rst in module vio_v3_0_22_probe_out_one is either unconnected or has no load
WARNING: [Synth 8-7129] Port probe_in0[0] in module vio_v3_0_22_vio is either unconnected or has no load
WARNING: [Synth 8-7129] Port probe_in1[0] in module vio_v3_0_22_vio is either unconnected or has no load
WARNING: [Synth 8-7129] Port probe_in2[0] in module vio_v3_0_22_vio is either unconnected or has no load
WARNING: [Synth 8-7129] Port probe_in3[0] in module vio_v3_0_22_vio is either unconnected or has no load
WARNING: [Synth 8-7129] Port probe_in4[0] in module vio_v3_0_22_vio is either unconnected or has no load
WARNING: [Synth 8-7129] Port probe_in5[0] in module vio_v3_0_22_vio is either unconnected or has no load
WARNING: [Synth 8-7129] Port probe_in6[0] in module vio_v3_0_22_vio is either unconnected or has no load
WARNING: [Synth 8-7129] Port probe_in7[0] in module vio_v3_0_22_vio is either unconnected or has no load
WARNING: [Synth 8-7129] Port probe_in8[0] in module vio_v3_0_22_vio is either unconnected or has no load
WARNING: [Synth 8-7129] Port probe_in9[0] in module vio_v3_0_22_vio is either unconnected or has no load
WARNING: [Synth 8-7129] Port probe_in10[0] in module vio_v3_0_22_vio is either unconnected or has no load
WARNING: [Synth 8-7129] Port probe_in11[0] in module vio_v3_0_22_vio is either unconnected or has no load
WARNING: [Synth 8-7129] Port probe_in12[0] in module vio_v3_0_22_vio is either unconnected or has no load
WARNING: [Synth 8-7129] Port probe_in13[0] in module vio_v3_0_22_vio is either unconnected or has no load
WARNING: [Synth 8-7129] Port probe_in14[0] in module vio_v3_0_22_vio is either unconnected or has no load
WARNING: [Synth 8-7129] Port probe_in15[0] in module vio_v3_0_22_vio is either unconnected or has no load
WARNING: [Synth 8-7129] Port probe_in16[0] in module vio_v3_0_22_vio is either unconnected or has no load
WARNING: [Synth 8-7129] Port probe_in17[0] in module vio_v3_0_22_vio is either unconnected or has no load
WARNING: [Synth 8-7129] Port probe_in18[0] in module vio_v3_0_22_vio is either unconnected or has no load
WARNING: [Synth 8-7129] Port probe_in19[0] in module vio_v3_0_22_vio is either unconnected or has no load
WARNING: [Synth 8-7129] Port probe_in20[0] in module vio_v3_0_22_vio is either unconnected or has no load
WARNING: [Synth 8-7129] Port probe_in21[0] in module vio_v3_0_22_vio is either unconnected or has no load
WARNING: [Synth 8-7129] Port probe_in22[0] in module vio_v3_0_22_vio is either unconnected or has no load
WARNING: [Synth 8-7129] Port probe_in23[0] in module vio_v3_0_22_vio is either unconnected or has no load
WARNING: [Synth 8-7129] Port probe_in24[0] in module vio_v3_0_22_vio is either unconnected or has no load
WARNING: [Synth 8-7129] Port probe_in25[0] in module vio_v3_0_22_vio is either unconnected or has no load
WARNING: [Synth 8-7129] Port probe_in26[0] in module vio_v3_0_22_vio is either unconnected or has no load
WARNING: [Synth 8-7129] Port probe_in27[0] in module vio_v3_0_22_vio is either unconnected or has no load
WARNING: [Synth 8-7129] Port probe_in28[0] in module vio_v3_0_22_vio is either unconnected or has no load
WARNING: [Synth 8-7129] Port probe_in29[0] in module vio_v3_0_22_vio is either unconnected or has no load
WARNING: [Synth 8-7129] Port probe_in30[0] in module vio_v3_0_22_vio is either unconnected or has no load
WARNING: [Synth 8-7129] Port probe_in31[0] in module vio_v3_0_22_vio is either unconnected or has no load
WARNING: [Synth 8-7129] Port probe_in32[0] in module vio_v3_0_22_vio is either unconnected or has no load
WARNING: [Synth 8-7129] Port probe_in33[0] in module vio_v3_0_22_vio is either unconnected or has no load
WARNING: [Synth 8-7129] Port probe_in34[0] in module vio_v3_0_22_vio is either unconnected or has no load
WARNING: [Synth 8-7129] Port probe_in35[0] in module vio_v3_0_22_vio is either unconnected or has no load
WARNING: [Synth 8-7129] Port probe_in36[0] in module vio_v3_0_22_vio is either unconnected or has no load
WARNING: [Synth 8-7129] Port probe_in37[0] in module vio_v3_0_22_vio is either unconnected or has no load
WARNING: [Synth 8-7129] Port probe_in38[0] in module vio_v3_0_22_vio is either unconnected or has no load
WARNING: [Synth 8-7129] Port probe_in39[0] in module vio_v3_0_22_vio is either unconnected or has no load
WARNING: [Synth 8-7129] Port probe_in40[0] in module vio_v3_0_22_vio is either unconnected or has no load
WARNING: [Synth 8-7129] Port probe_in41[0] in module vio_v3_0_22_vio is either unconnected or has no load
WARNING: [Synth 8-7129] Port probe_in42[0] in module vio_v3_0_22_vio is either unconnected or has no load
WARNING: [Synth 8-7129] Port probe_in43[0] in module vio_v3_0_22_vio is either unconnected or has no load
WARNING: [Synth 8-7129] Port probe_in44[0] in module vio_v3_0_22_vio is either unconnected or has no load
WARNING: [Synth 8-7129] Port probe_in45[0] in module vio_v3_0_22_vio is either unconnected or has no load
WARNING: [Synth 8-7129] Port probe_in46[0] in module vio_v3_0_22_vio is either unconnected or has no load
WARNING: [Synth 8-7129] Port probe_in47[0] in module vio_v3_0_22_vio is either unconnected or has no load
WARNING: [Synth 8-7129] Port probe_in48[0] in module vio_v3_0_22_vio is either unconnected or has no load
WARNING: [Synth 8-7129] Port probe_in49[0] in module vio_v3_0_22_vio is either unconnected or has no load
WARNING: [Synth 8-7129] Port probe_in50[0] in module vio_v3_0_22_vio is either unconnected or has no load
WARNING: [Synth 8-7129] Port probe_in51[0] in module vio_v3_0_22_vio is either unconnected or has no load
WARNING: [Synth 8-7129] Port probe_in52[0] in module vio_v3_0_22_vio is either unconnected or has no load
WARNING: [Synth 8-7129] Port probe_in53[0] in module vio_v3_0_22_vio is either unconnected or has no load
WARNING: [Synth 8-7129] Port probe_in54[0] in module vio_v3_0_22_vio is either unconnected or has no load
WARNING: [Synth 8-7129] Port probe_in55[0] in module vio_v3_0_22_vio is either unconnected or has no load
WARNING: [Synth 8-7129] Port probe_in56[0] in module vio_v3_0_22_vio is either unconnected or has no load
WARNING: [Synth 8-7129] Port probe_in57[0] in module vio_v3_0_22_vio is either unconnected or has no load
WARNING: [Synth 8-7129] Port probe_in58[0] in module vio_v3_0_22_vio is either unconnected or has no load
WARNING: [Synth 8-7129] Port probe_in59[0] in module vio_v3_0_22_vio is either unconnected or has no load
WARNING: [Synth 8-7129] Port probe_in60[0] in module vio_v3_0_22_vio is either unconnected or has no load
WARNING: [Synth 8-7129] Port probe_in61[0] in module vio_v3_0_22_vio is either unconnected or has no load
WARNING: [Synth 8-7129] Port probe_in62[0] in module vio_v3_0_22_vio is either unconnected or has no load
WARNING: [Synth 8-7129] Port probe_in63[0] in module vio_v3_0_22_vio is either unconnected or has no load
WARNING: [Synth 8-7129] Port probe_in64[0] in module vio_v3_0_22_vio is either unconnected or has no load
WARNING: [Synth 8-7129] Port probe_in65[0] in module vio_v3_0_22_vio is either unconnected or has no load
WARNING: [Synth 8-7129] Port probe_in66[0] in module vio_v3_0_22_vio is either unconnected or has no load
WARNING: [Synth 8-7129] Port probe_in67[0] in module vio_v3_0_22_vio is either unconnected or has no load
WARNING: [Synth 8-7129] Port probe_in68[0] in module vio_v3_0_22_vio is either unconnected or has no load
WARNING: [Synth 8-7129] Port probe_in69[0] in module vio_v3_0_22_vio is either unconnected or has no load
WARNING: [Synth 8-7129] Port probe_in70[0] in module vio_v3_0_22_vio is either unconnected or has no load
WARNING: [Synth 8-7129] Port probe_in71[0] in module vio_v3_0_22_vio is either unconnected or has no load
WARNING: [Synth 8-7129] Port probe_in72[0] in module vio_v3_0_22_vio is either unconnected or has no load
WARNING: [Synth 8-7129] Port probe_in73[0] in module vio_v3_0_22_vio is either unconnected or has no load
WARNING: [Synth 8-7129] Port probe_in74[0] in module vio_v3_0_22_vio is either unconnected or has no load
WARNING: [Synth 8-7129] Port probe_in75[0] in module vio_v3_0_22_vio is either unconnected or has no load
WARNING: [Synth 8-7129] Port probe_in76[0] in module vio_v3_0_22_vio is either unconnected or has no load
WARNING: [Synth 8-7129] Port probe_in77[0] in module vio_v3_0_22_vio is either unconnected or has no load
WARNING: [Synth 8-7129] Port probe_in78[0] in module vio_v3_0_22_vio is either unconnected or has no load
WARNING: [Synth 8-7129] Port probe_in79[0] in module vio_v3_0_22_vio is either unconnected or has no load
WARNING: [Synth 8-7129] Port probe_in80[0] in module vio_v3_0_22_vio is either unconnected or has no load
WARNING: [Synth 8-7129] Port probe_in81[0] in module vio_v3_0_22_vio is either unconnected or has no load
INFO: [Common 17-14] Message 'Synth 8-7129' appears 100 times and further instances of the messages will be disabled. Use the Tcl command set_msg_config to change the current settings.
---------------------------------------------------------------------------------
Finished RTL Elaboration : Time (s): cpu = 00:00:02 ; elapsed = 00:00:05 . Memory (MB): peak = 2038.461 ; gain = 324.691
---------------------------------------------------------------------------------
---------------------------------------------------------------------------------
Start Handling Custom Attributes
---------------------------------------------------------------------------------
---------------------------------------------------------------------------------
Finished Handling Custom Attributes : Time (s): cpu = 00:00:02 ; elapsed = 00:00:06 . Memory (MB): peak = 2056.371 ; gain = 342.602
---------------------------------------------------------------------------------
---------------------------------------------------------------------------------
Finished RTL Optimization Phase 1 : Time (s): cpu = 00:00:02 ; elapsed = 00:00:06 . Memory (MB): peak = 2056.371 ; gain = 342.602
---------------------------------------------------------------------------------
Netlist sorting complete. Time (s): cpu = 00:00:00 ; elapsed = 00:00:00.007 . Memory (MB): peak = 2056.371 ; gain = 0.000
INFO: [Project 1-570] Preparing netlist for logic optimization

Processing XDC Constraints
Initializing timing engine
Parsing XDC File [e:/project_fpga/ddr_write_read/ddr_write_read.gen/sources_1/ip/vio_0/vio_0_ooc.xdc]
Finished Parsing XDC File [e:/project_fpga/ddr_write_read/ddr_write_read.gen/sources_1/ip/vio_0/vio_0_ooc.xdc]
Parsing XDC File [e:/project_fpga/ddr_write_read/ddr_write_read.gen/sources_1/ip/vio_0/vio_0.xdc]
Finished Parsing XDC File [e:/project_fpga/ddr_write_read/ddr_write_read.gen/sources_1/ip/vio_0/vio_0.xdc]
Completed Processing XDC Constraints

Netlist sorting complete. Time (s): cpu = 00:00:00 ; elapsed = 00:00:00 . Memory (MB): peak = 2169.723 ; gain = 0.000
INFO: [Project 1-111] Unisim Transformation Summary:
No Unisim elements were transformed.

Constraint Validation Runtime : Time (s): cpu = 00:00:00 ; elapsed = 00:00:00.022 . Memory (MB): peak = 2169.723 ; gain = 0.000
---------------------------------------------------------------------------------
Finished Constraint Validation : Time (s): cpu = 00:00:04 ; elapsed = 00:00:13 . Memory (MB): peak = 2169.723 ; gain = 455.953
---------------------------------------------------------------------------------
---------------------------------------------------------------------------------
Start Loading Part and Timing Information
---------------------------------------------------------------------------------
Loading part: xczu7ev-ffvc1156-2-e
INFO: [Synth 8-6742] Reading net delay rules and data
---------------------------------------------------------------------------------
Finished Loading Part and Timing Information : Time (s): cpu = 00:00:04 ; elapsed = 00:00:13 . Memory (MB): peak = 2169.723 ; gain = 455.953
---------------------------------------------------------------------------------
---------------------------------------------------------------------------------
Start Applying 'set_property' XDC Constraints
---------------------------------------------------------------------------------
---------------------------------------------------------------------------------
Finished applying 'set_property' XDC Constraints : Time (s): cpu = 00:00:04 ; elapsed = 00:00:13 . Memory (MB): peak = 2169.723 ; gain = 455.953
---------------------------------------------------------------------------------
---------------------------------------------------------------------------------
Finished RTL Optimization Phase 2 : Time (s): cpu = 00:00:04 ; elapsed = 00:00:13 . Memory (MB): peak = 2169.723 ; gain = 455.953
---------------------------------------------------------------------------------
---------------------------------------------------------------------------------
Start RTL Component Statistics 
---------------------------------------------------------------------------------
Detailed RTL Component Info : 
+---Registers : 
	              128 Bit    Registers := 1     
	               16 Bit    Registers := 7     
	                7 Bit    Registers := 1     
	                5 Bit    Registers := 1     
	                3 Bit    Registers := 2     
	                1 Bit    Registers := 14    
+---Muxes : 
	   2 Input   16 Bit        Muxes := 2     
	   2 Input    1 Bit        Muxes := 7     
---------------------------------------------------------------------------------
Finished RTL Component Statistics 
---------------------------------------------------------------------------------
---------------------------------------------------------------------------------
Start Part Resource Summary
---------------------------------------------------------------------------------
Part Resources:
DSPs: 1728 (col length:144)
BRAMs: 624 (col length: RAMB18 144 RAMB36 72)
---------------------------------------------------------------------------------
Finished Part Resource Summary
---------------------------------------------------------------------------------
---------------------------------------------------------------------------------
Start Cross Boundary and Area Optimization
---------------------------------------------------------------------------------
WARNING: [Synth 8-7080] Parallel synthesis criteria is not met
---------------------------------------------------------------------------------
Finished Cross Boundary and Area Optimization : Time (s): cpu = 00:00:05 ; elapsed = 00:00:14 . Memory (MB): peak = 2169.723 ; gain = 455.953
---------------------------------------------------------------------------------
---------------------------------------------------------------------------------
Start Applying XDC Timing Constraints
---------------------------------------------------------------------------------
---------------------------------------------------------------------------------
Finished Applying XDC Timing Constraints : Time (s): cpu = 00:00:08 ; elapsed = 00:00:25 . Memory (MB): peak = 2678.812 ; gain = 965.043
---------------------------------------------------------------------------------
---------------------------------------------------------------------------------
Start Timing Optimization
---------------------------------------------------------------------------------
---------------------------------------------------------------------------------
Finished Timing Optimization : Time (s): cpu = 00:00:08 ; elapsed = 00:00:25 . Memory (MB): peak = 2679.031 ; gain = 965.262
---------------------------------------------------------------------------------
---------------------------------------------------------------------------------
Start Technology Mapping
---------------------------------------------------------------------------------
---------------------------------------------------------------------------------
Finished Technology Mapping : Time (s): cpu = 00:00:08 ; elapsed = 00:00:25 . Memory (MB): peak = 2707.652 ; gain = 993.883
---------------------------------------------------------------------------------
---------------------------------------------------------------------------------
Start IO Insertion
---------------------------------------------------------------------------------
---------------------------------------------------------------------------------
Start Flattening Before IO Insertion
---------------------------------------------------------------------------------
---------------------------------------------------------------------------------
Finished Flattening Before IO Insertion
---------------------------------------------------------------------------------
---------------------------------------------------------------------------------
Start Final Netlist Cleanup
---------------------------------------------------------------------------------
---------------------------------------------------------------------------------
Finished Final Netlist Cleanup
---------------------------------------------------------------------------------
WARNING: [Synth 8-3295] tying undriven pin inst:sl_iport0[36] to constant 0
WARNING: [Synth 8-3295] tying undriven pin inst:sl_iport0[35] to constant 0
WARNING: [Synth 8-3295] tying undriven pin inst:sl_iport0[34] to constant 0
WARNING: [Synth 8-3295] tying undriven pin inst:sl_iport0[33] to constant 0
WARNING: [Synth 8-3295] tying undriven pin inst:sl_iport0[32] to constant 0
WARNING: [Synth 8-3295] tying undriven pin inst:sl_iport0[31] to constant 0
WARNING: [Synth 8-3295] tying undriven pin inst:sl_iport0[30] to constant 0
WARNING: [Synth 8-3295] tying undriven pin inst:sl_iport0[29] to constant 0
WARNING: [Synth 8-3295] tying undriven pin inst:sl_iport0[28] to constant 0
WARNING: [Synth 8-3295] tying undriven pin inst:sl_iport0[27] to constant 0
WARNING: [Synth 8-3295] tying undriven pin inst:sl_iport0[26] to constant 0
WARNING: [Synth 8-3295] tying undriven pin inst:sl_iport0[25] to constant 0
WARNING: [Synth 8-3295] tying undriven pin inst:sl_iport0[24] to constant 0
WARNING: [Synth 8-3295] tying undriven pin inst:sl_iport0[23] to constant 0
WARNING: [Synth 8-3295] tying undriven pin inst:sl_iport0[22] to constant 0
WARNING: [Synth 8-3295] tying undriven pin inst:sl_iport0[21] to constant 0
WARNING: [Synth 8-3295] tying undriven pin inst:sl_iport0[20] to constant 0
WARNING: [Synth 8-3295] tying undriven pin inst:sl_iport0[19] to constant 0
WARNING: [Synth 8-3295] tying undriven pin inst:sl_iport0[18] to constant 0
WARNING: [Synth 8-3295] tying undriven pin inst:sl_iport0[17] to constant 0
WARNING: [Synth 8-3295] tying undriven pin inst:sl_iport0[16] to constant 0
WARNING: [Synth 8-3295] tying undriven pin inst:sl_iport0[15] to constant 0
WARNING: [Synth 8-3295] tying undriven pin inst:sl_iport0[14] to constant 0
WARNING: [Synth 8-3295] tying undriven pin inst:sl_iport0[13] to constant 0
WARNING: [Synth 8-3295] tying undriven pin inst:sl_iport0[12] to constant 0
WARNING: [Synth 8-3295] tying undriven pin inst:sl_iport0[11] to constant 0
WARNING: [Synth 8-3295] tying undriven pin inst:sl_iport0[10] to constant 0
WARNING: [Synth 8-3295] tying undriven pin inst:sl_iport0[9] to constant 0
WARNING: [Synth 8-3295] tying undriven pin inst:sl_iport0[8] to constant 0
WARNING: [Synth 8-3295] tying undriven pin inst:sl_iport0[7] to constant 0
WARNING: [Synth 8-3295] tying undriven pin inst:sl_iport0[6] to constant 0
WARNING: [Synth 8-3295] tying undriven pin inst:sl_iport0[5] to constant 0
WARNING: [Synth 8-3295] tying undriven pin inst:sl_iport0[4] to constant 0
WARNING: [Synth 8-3295] tying undriven pin inst:sl_iport0[3] to constant 0
WARNING: [Synth 8-3295] tying undriven pin inst:sl_iport0[2] to constant 0
WARNING: [Synth 8-3295] tying undriven pin inst:sl_iport0[1] to constant 0
WARNING: [Synth 8-3295] tying undriven pin inst:sl_iport0[0] to constant 0
---------------------------------------------------------------------------------
Finished IO Insertion : Time (s): cpu = 00:00:11 ; elapsed = 00:00:29 . Memory (MB): peak = 2707.652 ; gain = 993.883
---------------------------------------------------------------------------------
---------------------------------------------------------------------------------
Start Renaming Generated Instances
---------------------------------------------------------------------------------
---------------------------------------------------------------------------------
Finished Renaming Generated Instances : Time (s): cpu = 00:00:11 ; elapsed = 00:00:29 . Memory (MB): peak = 2707.652 ; gain = 993.883
---------------------------------------------------------------------------------
---------------------------------------------------------------------------------
Start Rebuilding User Hierarchy
---------------------------------------------------------------------------------
---------------------------------------------------------------------------------
Finished Rebuilding User Hierarchy : Time (s): cpu = 00:00:11 ; elapsed = 00:00:29 . Memory (MB): peak = 2707.652 ; gain = 993.883
---------------------------------------------------------------------------------
---------------------------------------------------------------------------------
Start Renaming Generated Ports
---------------------------------------------------------------------------------
---------------------------------------------------------------------------------
Finished Renaming Generated Ports : Time (s): cpu = 00:00:11 ; elapsed = 00:00:29 . Memory (MB): peak = 2707.652 ; gain = 993.883
---------------------------------------------------------------------------------
---------------------------------------------------------------------------------
Start Handling Custom Attributes
---------------------------------------------------------------------------------
---------------------------------------------------------------------------------
Finished Handling Custom Attributes : Time (s): cpu = 00:00:11 ; elapsed = 00:00:29 . Memory (MB): peak = 2707.652 ; gain = 993.883
---------------------------------------------------------------------------------
---------------------------------------------------------------------------------
Start Renaming Generated Nets
---------------------------------------------------------------------------------
---------------------------------------------------------------------------------
Finished Renaming Generated Nets : Time (s): cpu = 00:00:11 ; elapsed = 00:00:29 . Memory (MB): peak = 2707.652 ; gain = 993.883
---------------------------------------------------------------------------------
---------------------------------------------------------------------------------
Start Writing Synthesis Report
---------------------------------------------------------------------------------

Report BlackBoxes: 
+-+--------------+----------+
| |BlackBox name |Instances |
+-+--------------+----------+
+-+--------------+----------+

Report Cell Usage: 
+------+-----+------+
|      |Cell |Count |
+------+-----+------+
|1     |LUT2 |     3|
|2     |LUT3 |    21|
|3     |LUT4 |    21|
|4     |LUT5 |    13|
|5     |LUT6 |    60|
|6     |FDRE |   231|
+------+-----+------+
---------------------------------------------------------------------------------
Finished Writing Synthesis Report : Time (s): cpu = 00:00:11 ; elapsed = 00:00:29 . Memory (MB): peak = 2707.652 ; gain = 993.883
---------------------------------------------------------------------------------
Synthesis finished with 0 errors, 0 critical warnings and 294 warnings.
Synthesis Optimization Runtime : Time (s): cpu = 00:00:08 ; elapsed = 00:00:26 . Memory (MB): peak = 2707.652 ; gain = 880.531
Synthesis Optimization Complete : Time (s): cpu = 00:00:11 ; elapsed = 00:00:30 . Memory (MB): peak = 2707.652 ; gain = 993.883
INFO: [Project 1-571] Translating synthesized netlist
Netlist sorting complete. Time (s): cpu = 00:00:00 ; elapsed = 00:00:00.008 . Memory (MB): peak = 2717.785 ; gain = 0.000
INFO: [Project 1-570] Preparing netlist for logic optimization
INFO: [Opt 31-138] Pushed 0 inverter(s) to 0 load pin(s).
Netlist sorting complete. Time (s): cpu = 00:00:00 ; elapsed = 00:00:00 . Memory (MB): peak = 2755.062 ; gain = 0.000
INFO: [Project 1-111] Unisim Transformation Summary:
No Unisim elements were transformed.

Synth Design complete, checksum: b8446bbe
INFO: [Common 17-83] Releasing license: Synthesis
19 Infos, 139 Warnings, 0 Critical Warnings and 0 Errors encountered.
synth_design completed successfully
synth_design: Time (s): cpu = 00:00:12 ; elapsed = 00:00:37 . Memory (MB): peak = 2755.062 ; gain = 1309.355
INFO: [Common 17-600] The following parameters have non-default value.
tcl.collectionResultDisplayLimit
INFO: [Common 17-1381] The checkpoint 'E:/project_fpga/ddr_write_read/ddr_write_read.runs/vio_0_synth_1/vio_0.dcp' has been generated.
INFO: [Coretcl 2-1648] Added synthesis output to IP cache for IP vio_0, cache-ID = 4e3ea17bf2bb1825
INFO: [Coretcl 2-1174] Renamed 5 cell refs.
INFO: [Common 17-1381] The checkpoint 'E:/project_fpga/ddr_write_read/ddr_write_read.runs/vio_0_synth_1/vio_0.dcp' has been generated.
INFO: [runtcl-4] Executing : report_utilization -file vio_0_utilization_synth.rpt -pb vio_0_utilization_synth.pb
INFO: [Common 17-206] Exiting Vivado at Mon Jun 17 16:47:19 2024...
